<?xml version="1.0" encoding="UTF-8"?>
<coverage generated="1722768284061" clover="3.2.0">
  <project timestamp="1722768284062" name="All files">
    <metrics statements="26" coveredstatements="9" conditionals="0" coveredconditionals="0" methods="10" coveredmethods="2" elements="36" coveredelements="11" complexity="0" loc="26" ncloc="26" packages="1" files="5" classes="5"/>
    <file name="GameSaving.js" path="C:\Users\kolmy\OneDrive\Рабочий стол\promises\src\GameSaving.js">
      <metrics statements="3" coveredstatements="3" conditionals="0" coveredconditionals="0" methods="1" coveredmethods="1"/>
      <line num="3" count="1" type="stmt"/>
      <line num="4" count="1" type="stmt"/>
      <line num="5" count="1" type="stmt"/>
    </file>
    <file name="GameSavingLoader.js" path="C:\Users\kolmy\OneDrive\Рабочий стол\promises\src\GameSavingLoader.js">
      <metrics statements="6" coveredstatements="6" conditionals="0" coveredconditionals="0" methods="1" coveredmethods="1"/>
      <line num="7" count="3" type="stmt"/>
      <line num="8" count="3" type="stmt"/>
      <line num="9" count="2" type="stmt"/>
      <line num="10" count="1" type="stmt"/>
      <line num="12" count="1" type="stmt"/>
      <line num="18" count="2" type="stmt"/>
    </file>
    <file name="index.js" path="C:\Users\kolmy\OneDrive\Рабочий стол\promises\src\index.js">
      <metrics statements="5" coveredstatements="0" conditionals="0" coveredconditionals="0" methods="1" coveredmethods="0"/>
      <line num="3" count="0" type="stmt"/>
      <line num="4" count="0" type="stmt"/>
      <line num="5" count="0" type="stmt"/>
      <line num="6" count="0" type="stmt"/>
      <line num="8" count="0" type="stmt"/>
    </file>
    <file name="parser.js" path="C:\Users\kolmy\OneDrive\Рабочий стол\promises\src\parser.js">
      <metrics statements="3" coveredstatements="0" conditionals="0" coveredconditionals="0" methods="3" coveredmethods="0"/>
      <line num="2" count="0" type="stmt"/>
      <line num="4" count="0" type="stmt"/>
      <line num="5" count="0" type="stmt"/>
    </file>
    <file name="reader.js" path="C:\Users\kolmy\OneDrive\Рабочий стол\promises\src\reader.js">
      <metrics statements="9" coveredstatements="0" conditionals="0" coveredconditionals="0" methods="4" coveredmethods="0"/>
      <line num="2" count="0" type="stmt"/>
      <line num="4" count="0" type="stmt"/>
      <line num="5" count="0" type="stmt"/>
      <line num="6" count="0" type="stmt"/>
      <line num="7" count="0" type="stmt"/>
      <line num="8" count="0" type="stmt"/>
      <line num="9" count="0" type="stmt"/>
      <line num="10" count="0" type="stmt"/>
      <line num="12" count="0" type="stmt"/>
    </file>
  </project>
</coverage>
